<?xml version="1.0" encoding="UTF-8"?>
<!-- Generated by org.testng.reporters.JUnitReportReporter -->
<testsuite hostname="Sasi" failures="0" tests="2" name="com.login.HRM_Login_Logout" time="61.627" errors="0" timestamp="2022-01-30T08:48:40 IST" skipped="0">
  <testcase classname="com.login.HRM_Login_Logout" name="cehckInvalidWarning" time="37.915"/>
  <system-out/>
  <testcase classname="com.login.HRM_Login_Logout" name="cehckAdminLogin" time="23.712"/>
  <system-out/>
</testsuite> <!-- com.login.HRM_Login_Logout -->
